<?xml version="1.0" encoding="UTF-8"?>
<!-- Generated by org.testng.reporters.JUnitReportReporter -->
<testsuite skipped="0" hostname="ARAVINDA-DELL-PERSONAL" name="com.synechron.testng.test.FormFillUsingPOM" tests="5" failures="0" timestamp="19 Aug 2022 09:49:23 GMT" time="10.965" errors="0">
  <testcase name="fillForm" time="0.880" classname="com.synechron.testng.test.FormFillUsingPOM"/>
  <testcase name="fillForm" time="6.200" classname="com.synechron.testng.test.FormFillUsingPOM"/>
  <testcase name="fillForm" time="1.405" classname="com.synechron.testng.test.FormFillUsingPOM"/>
  <testcase name="fillForm" time="1.650" classname="com.synechron.testng.test.FormFillUsingPOM"/>
  <testcase name="fillForm" time="0.830" classname="com.synechron.testng.test.FormFillUsingPOM"/>
</testsuite> <!-- com.synechron.testng.test.FormFillUsingPOM -->
