<?xml version="1.0" encoding="UTF-8"?>
<!-- Generated by org.testng.reporters.JUnitReportReporter -->
<testsuite skipped="0" hostname="ARAVINDA-DELL-PERSONAL" name="com.synechron.testng.Cars" tests="4" failures="0" timestamp="19 Aug 2022 08:51:43 GMT" time="0.009" errors="0">
  <testcase name="celtos" time="0.000" classname="com.synechron.testng.Cars"/>
  <testcase name="ertiga" time="0.001" classname="com.synechron.testng.Cars"/>
  <testcase name="carnival" time="0.007" classname="com.synechron.testng.Cars"/>
  <testcase name="swift" time="0.001" classname="com.synechron.testng.Cars"/>
</testsuite> <!-- com.synechron.testng.Cars -->
