<?xml version="1.0" encoding="UTF-8"?>
<!-- Generated by org.testng.reporters.JUnitReportReporter -->
<testsuite skipped="0" hostname="ARAVINDA-DELL-PERSONAL" name="com.synechron.testng.PriorityDemo" tests="4" failures="0" timestamp="19 Aug 2022 06:32:35 GMT" time="0.013" errors="0">
  <testcase name="launch" time="0.009" classname="com.synechron.testng.PriorityDemo"/>
  <testcase name="login" time="0.001" classname="com.synechron.testng.PriorityDemo"/>
  <testcase name="createUser" time="0.002" classname="com.synechron.testng.PriorityDemo"/>
  <testcase name="logout" time="0.001" classname="com.synechron.testng.PriorityDemo"/>
</testsuite> <!-- com.synechron.testng.PriorityDemo -->
