<?xml version="1.0" encoding="UTF-8"?>
<!-- Generated by org.testng.reporters.JUnitReportReporter -->
<testsuite skipped="0" hostname="ARAVINDA-DELL-PERSONAL" name="com.synechron.testng.FillformUsingTestNG" tests="1" failures="0" timestamp="19 Aug 2022 07:21:37 GMT" time="6.953" errors="0">
  <testcase name="formFill" time="6.953" classname="com.synechron.testng.FillformUsingTestNG"/>
</testsuite> <!-- com.synechron.testng.FillformUsingTestNG -->
