<?xml version="1.0" encoding="UTF-8"?>
<!-- Generated by org.testng.reporters.JUnitReportReporter -->
<testsuite skipped="0" hostname="ARAVINDA-DELL-PERSONAL" name="com.synechron.testng.NewTest" tests="8" failures="0" timestamp="19 Aug 2022 07:32:32 GMT" time="0.013" errors="0">
  <testcase name="f" time="0.000" classname="com.synechron.testng.NewTest"/>
  <testcase name="f" time="0.007" classname="com.synechron.testng.NewTest"/>
  <testcase name="f" time="0.001" classname="com.synechron.testng.NewTest"/>
  <testcase name="f" time="0.001" classname="com.synechron.testng.NewTest"/>
  <testcase name="f" time="0.001" classname="com.synechron.testng.NewTest"/>
  <testcase name="f" time="0.001" classname="com.synechron.testng.NewTest"/>
  <testcase name="f" time="0.001" classname="com.synechron.testng.NewTest"/>
  <testcase name="f" time="0.001" classname="com.synechron.testng.NewTest"/>
</testsuite> <!-- com.synechron.testng.NewTest -->
