<?xml version="1.0" encoding="UTF-8"?>
<!-- Generated by org.testng.reporters.JUnitReportReporter -->
<testsuite skipped="0" hostname="ARAVINDA-DELL-PERSONAL" name="com.synechron.testng.HelloWorld" tests="4" failures="0" timestamp="19 Aug 2022 06:46:09 GMT" time="0.015" errors="0">
  <testcase name="createUser" time="0.009" classname="com.synechron.testng.HelloWorld"/>
  <testcase name="login" time="0.001" classname="com.synechron.testng.HelloWorld"/>
  <testcase name="launch" time="0.002" classname="com.synechron.testng.HelloWorld"/>
  <testcase name="logout" time="0.003" classname="com.synechron.testng.HelloWorld"/>
</testsuite> <!-- com.synechron.testng.HelloWorld -->
