<?xml version="1.0" encoding="UTF-8"?>
<!-- Generated by org.testng.reporters.JUnitReportReporter -->
<testsuite skipped="0" hostname="ARAVINDA-DELL-PERSONAL" name="com.synechron.testng.FillformUsingTestNGDataprovider" tests="5" failures="0" timestamp="19 Aug 2022 08:47:02 GMT" time="12.889" errors="0">
  <testcase name="formFill" time="5.961" classname="com.synechron.testng.FillformUsingTestNGDataprovider"/>
  <testcase name="formFill" time="1.423" classname="com.synechron.testng.FillformUsingTestNGDataprovider"/>
  <testcase name="formFill" time="0.947" classname="com.synechron.testng.FillformUsingTestNGDataprovider"/>
  <testcase name="formFill" time="3.655" classname="com.synechron.testng.FillformUsingTestNGDataprovider"/>
  <testcase name="formFill" time="0.903" classname="com.synechron.testng.FillformUsingTestNGDataprovider"/>
</testsuite> <!-- com.synechron.testng.FillformUsingTestNGDataprovider -->
