<?xml version="1.0" encoding="UTF-8"?>
<!-- Generated by org.testng.reporters.JUnitReportReporter -->
<testsuite skipped="0" hostname="ARAVINDA-DELL-PERSONAL" name="com.synechron.testng.AllAnnotations" tests="1" failures="0" timestamp="19 Aug 2022 06:52:05 GMT" time="0.006" errors="0">
  <testcase name="f" time="0.006" classname="com.synechron.testng.AllAnnotations"/>
</testsuite> <!-- com.synechron.testng.AllAnnotations -->
