<?xml version="1.0" encoding="UTF-8"?>
<!-- Generated by org.testng.reporters.JUnitReportReporter -->
<testsuite skipped="0" hostname="ARAVINDA-DELL-PERSONAL" name="com.synechron.testng.test.FormFillUsingPOMGrid" tests="5" failures="0" timestamp="19 Aug 2022 10:14:33 GMT" time="11.447" errors="0">
  <testcase name="fillForm" time="1.497" classname="com.synechron.testng.test.FormFillUsingPOMGrid"/>
  <testcase name="fillForm" time="6.293" classname="com.synechron.testng.test.FormFillUsingPOMGrid"/>
  <testcase name="fillForm" time="1.741" classname="com.synechron.testng.test.FormFillUsingPOMGrid"/>
  <testcase name="fillForm" time="0.949" classname="com.synechron.testng.test.FormFillUsingPOMGrid"/>
  <testcase name="fillForm" time="0.967" classname="com.synechron.testng.test.FormFillUsingPOMGrid"/>
</testsuite> <!-- com.synechron.testng.test.FormFillUsingPOMGrid -->
